2025-03-30 09:50:14.084 [JettyShutdownThread] INFO  org.eclipse.jetty.server.Server - Stopped Server@25a5c7db{STOPPING}[10.0.23,sto=30000]
2025-03-30 09:50:14.094 [JettyShutdownThread] INFO  org.eclipse.jetty.server.Server - Shutdown Server@25a5c7db{STOPPING}[10.0.23,sto=30000]
2025-03-30 09:50:14.158 [JettyShutdownThread] INFO  o.e.jetty.server.AbstractConnector - Stopped application@162b3d47{HTTP/1.1, (http/1.1)}{localhost:8989}
2025-03-30 09:50:14.164 [JettyShutdownThread] INFO  o.e.jetty.server.AbstractConnector - Stopped admin@783115d9{HTTP/1.1, (http/1.1)}{localhost:8990}
2025-03-30 09:50:14.175 [JettyShutdownThread] INFO  o.e.j.server.handler.ContextHandler - Stopped i.d.j.MutableServletContextHandler@599a9cb2{/,null,STOPPED}
2025-03-30 09:50:14.283 [JettyShutdownThread] INFO  o.e.j.server.handler.ContextHandler - Stopped i.d.j.MutableServletContextHandler@6f6cc7da{/,null,STOPPED}
2025-03-30 18:06:20.329 [main] INFO  i.d.server.DefaultServerFactory - Registering jersey handler with root path prefix: /
2025-03-30 18:06:20.331 [main] INFO  i.d.server.DefaultServerFactory - Registering admin handler with root path prefix: /
2025-03-30 18:06:20.615 [main] INFO  i.d.b.assets.ConfiguredAssetsBundle - Registering ConfiguredAssetBundle with name: assets for path /webjars/*
2025-03-30 18:06:20.615 [main] INFO  i.d.b.assets.ConfiguredAssetsBundle - Registering ConfiguredAssetBundle with name: assets for path /maps/*
2025-03-30 18:06:20.615 [main] WARN  i.d.jetty.setup.ServletEnvironment - Overriding the existing servlet registered with the name: assets
2025-03-30 18:06:20.643 [main] INFO  io.dropwizard.server.ServerFactory - Starting GraphHopperApplication
                        _     _
   __ _ _ __ __ _ _ __ | |__ | |__   ___  _ __  _ __   ___ _ __
  / _` | '__/ _` | '_ \| '_ \| '_ \ / _ \| '_ \| '_ \ / _ \ '__|
 | (_| | | | (_| | |_) | | | | | | | (_) | |_) | |_) |  __/ |
  \__, |_|  \__,_| .__/|_| |_|_| |_|\___/| .__/| .__/ \___|_|
  |___/          |_|                     |_|   |_|
2025-03-30 18:06:20.694 [main] INFO  o.e.jetty.setuid.SetUIDListener - Opened application@4e08acf9{HTTP/1.1, (http/1.1)}{localhost:8989}
2025-03-30 18:06:20.695 [main] INFO  o.e.jetty.setuid.SetUIDListener - Opened admin@42ea287{HTTP/1.1, (http/1.1)}{localhost:8990}
2025-03-30 18:06:20.696 [main] INFO  org.eclipse.jetty.server.Server - jetty-9.4.28.v20200408; built: 2020-04-08T17:49:39.557Z; git: ab228fde9e55e9164c738d7fa121f8ac5acd51c9; jvm 21.0.2+13-58
2025-03-30 18:06:20.711 [main] INFO  c.g.reader.osm.GraphHopperOSM - version 1.0|2020-05-22T12:08:02Z (5,15,4,3,5,6)
2025-03-30 18:06:20.714 [main] INFO  c.g.reader.osm.GraphHopperOSM - graph CH|car|RAM_STORE|2D|no_turn_cost|,,,,, details:edges:0(0MB), nodes:0(0MB), name:(0MB), geo:0(0MB), bounds:1.7976931348623157E308,-1.7976931348623157E308,1.7976931348623157E308,-1.7976931348623157E308, CHGraph|car|NODE_BASED, shortcuts:0, nodesCH:(0MB)
2025-03-30 18:06:20.726 [main] INFO  c.g.reader.osm.GraphHopperOSM - start creating graph from philippines-latest-2.osm.pbf
2025-03-30 18:06:20.726 [main] INFO  c.g.reader.osm.GraphHopperOSM - using CH|car|RAM_STORE|2D|no_turn_cost|,,,,, memory:totalMB:40, usedMB:34
2025-03-30 18:06:20.726 [main] INFO  com.graphhopper.reader.osm.OSMReader - Starting to process OSM file: 'philippines-latest-2.osm.pbf'
2025-03-30 18:06:47.102 [main] INFO  com.graphhopper.reader.osm.OSMReader - creating graph. Found nodes (pillar+tower):13 330 361, totalMB:1459, usedMB:1029
2025-03-30 18:07:17.715 [main] INFO  com.graphhopper.reader.osm.OSMReader - 84 125 974, now parsing ways
2025-03-30 18:07:38.434 [main] INFO  com.graphhopper.reader.osm.OSMReader - 97 950 943, now parsing relations
2025-03-30 18:07:38.530 [main] INFO  com.graphhopper.reader.osm.OSMReader - finished way processing. nodes: 2010617, osmIdMap.size:13369530, osmIdMap:166MB, nodeFlagsMap.size:39169, relFlagsMap.size:56370, zeroCounter:39096 totalMB:1567, usedMB:1164
2025-03-30 18:07:38.530 [main] INFO  com.graphhopper.reader.osm.OSMReader - time pass1:26s, pass2:51s, total:77s
2025-03-30 18:07:38.540 [main] INFO  c.g.r.s.PrepareRoutingSubnetworks - Start removing subnetworks (prepare.min_network_size:200) totalMB:1567, usedMB:1164
2025-03-30 18:07:38.540 [main] INFO  c.g.r.s.PrepareRoutingSubnetworks - Subnetwork removal jobs: [car|node-based]
2025-03-30 18:07:38.540 [main] INFO  c.g.r.s.PrepareRoutingSubnetworks - Graph nodes: 2 010 617
2025-03-30 18:07:38.542 [main] INFO  c.g.r.s.PrepareRoutingSubnetworks - Graph edges: 2 431 690
2025-03-30 18:07:38.542 [main] INFO  c.g.r.s.PrepareRoutingSubnetworks - --- vehicle: 'car'
2025-03-30 18:07:39.225 [main] INFO  c.g.r.s.PrepareRoutingSubnetworks - Found 43741 subnetworks (25336 single nodes and 18405 components with more than one node, total nodes: 2010617), took: 0.6826555s
2025-03-30 18:07:39.274 [main] INFO  c.g.r.s.PrepareRoutingSubnetworks - Removed 43711 subnetworks (biggest removed: 197 nodes) -> 30 subnetwork(s) left (smallest: 202, biggest: 1874136 nodes), total removed edges: 107806, took: 0.04956367s
2025-03-30 18:07:39.471 [main] INFO  c.g.r.s.PrepareRoutingSubnetworks - Removed 126722 nodes from the graph as they aren't used by any vehicle after removing subnetworks
2025-03-30 18:07:41.355 [main] INFO  c.g.r.s.PrepareRoutingSubnetworks - Optimized storage after subnetwork removal, took: 1.8834896s,totalMB:1567, usedMB:1428
2025-03-30 18:07:41.355 [main] INFO  c.g.r.s.PrepareRoutingSubnetworks - Finished finding and removing subnetworks for 1 vehicles, took: 2.815059s, totalMB:1567, usedMB:1428
2025-03-30 18:07:41.355 [main] INFO  c.g.reader.osm.GraphHopperOSM - nodes: 1 883 895, edges: 2 431 690
2025-03-30 18:07:44.010 [main] INFO  c.g.storage.index.LocationIndexTree - location index created in 2.649864s, size:2 448 428, leafs:540 973, precision:300, depth:7, checksum:1883895, entries:[16, 16, 16, 16, 16, 4, 4], entriesPerLeaf:4.525971
2025-03-30 18:07:44.044 [main] INFO  c.g.routing.ch.CHPreparationHandler - 1/1 calling CH prepare.doWork for profile 'car' NODE_BASED ... (totalMB:1646, usedMB:880)
2025-03-30 18:07:47.647 [car] INFO  c.g.r.c.PrepareContractionHierarchies - node, nodes:  1 883 895, shortcuts:          0, updates:  0, checked-nodes:          0, t(total):   3.60,  t(period):   3.56, t(lazy):   0.00, t(neighbor):   0.00, t(contr):   0.00, t(other) :   0.04, dijkstra-ratio:  34.68%, meanDegree: 1.00, dijkstras:  7 885 752, mem:       28MB, totalMB:1646, usedMB:1035
2025-03-30 18:08:01.939 [car] INFO  c.g.r.c.PrepareContractionHierarchies - node, nodes:  1 507 116, shortcuts:        141, updates:  1, checked-nodes:    376 779, t(total):  17.89,  t(period):  16.96, t(lazy):   0.00, t(neighbor):   0.58, t(contr):   0.13, t(other) :   0.22, dijkstra-ratio:  71.82%, meanDegree: 1.00, dijkstras: 14 459 616, mem:       28MB, totalMB:1646, usedMB:1147
2025-03-30 18:08:15.733 [car] INFO  c.g.r.c.PrepareContractionHierarchies - node, nodes:  1 130 337, shortcuts:    114 020, updates:  2, checked-nodes:    753 558, t(total):  31.68,  t(period):  27.96, t(lazy):   0.00, t(neighbor):   1.75, t(contr):   1.52, t(other) :   0.44, dijkstra-ratio:  75.31%, meanDegree: 2.00, dijkstras: 19 785 204, mem:       28MB, totalMB:1646, usedMB:1262
2025-03-30 18:08:29.228 [car] INFO  c.g.r.c.PrepareContractionHierarchies - node, nodes:    753 558, shortcuts:    374 815, updates:  3, checked-nodes:  1 130 337, t(total):  45.18,  t(period):  37.12, t(lazy):   0.00, t(neighbor):   3.62, t(contr):   3.74, t(other) :   0.70, dijkstra-ratio:  76.76%, meanDegree: 1.67, dijkstras: 24 236 094, mem:       28MB, totalMB:1646, usedMB:1404
2025-03-30 18:08:43.558 [car] INFO  c.g.r.c.PrepareContractionHierarchies - node, nodes:    376 779, shortcuts:    703 019, updates:  4, checked-nodes:  1 507 116, t(total):  59.51,  t(period):  44.94, t(lazy):   0.00, t(neighbor):   6.52, t(contr):   7.06, t(other) :   0.99, dijkstra-ratio:  78.03%, meanDegree: 2.99, dijkstras: 27 821 767, mem:       28MB, totalMB:1646, usedMB:1534
2025-03-30 18:09:01.773 [car] INFO  c.g.r.c.PrepareContractionHierarchies - node, nodes:     54 229, shortcuts:  1 092 242, updates:  5, checked-nodes:  1 883 895, t(total):  77.72,  t(period):  47.20, t(lazy):   5.04, t(neighbor):  12.27, t(contr):  11.84, t(other) :   1.37, dijkstra-ratio:  79.28%, meanDegree: 2.85, dijkstras: 32 197 504, mem:       28MB, totalMB:1664, usedMB:727
2025-03-30 18:09:13.054 [car] INFO  c.g.r.c.PrepareContractionHierarchies - node, nodes:          0, shortcuts:  1 192 370, updates:  5, checked-nodes:  1 963 260, t(total):  89.01,  t(period):  47.20, t(lazy):   9.54, t(neighbor):  17.04, t(contr):  13.74, t(other) :   1.49, dijkstra-ratio:  80.75%, meanDegree: 1.08, dijkstras: 34 074 236, mem:       28MB, totalMB:1664, usedMB:756
2025-03-30 18:09:13.055 [car] INFO  c.g.r.c.PrepareContractionHierarchies - new shortcuts: 1 192 370, initSize:1 883 895, fastest|car, periodic:20, lazy:10, neighbor:20, t(total):  89.01,  t(period):  47.20, t(lazy):   9.54, t(neighbor):  17.04, t(contr):  13.74, t(other) :   1.50, dijkstra-ratio:  80.75%, lazy-overhead: 4%, totalMB:1664, usedMB:756
2025-03-30 18:09:13.056 [car] INFO  c.g.r.c.PrepareContractionHierarchies - took: 89s, graph now - num edges: 2 431 690, num nodes: 1 883 895, num shortcuts: 1 192 370
2025-03-30 18:09:13.059 [main] INFO  c.g.reader.osm.GraphHopperOSM - flushing graph CH|car|RAM_STORE|2D|no_turn_cost|5,15,4,3,5, details:edges:2 431 690(75MB), nodes:1 883 895(22MB), name:(3MB), geo:15 029 568(58MB), bounds:109.48820098090621,127.08878875722264,4.588655484959233,22.619359142020922, CHGraph|car|NODE_BASED, shortcuts:1 192 370, nodesCH:(15MB), totalMB:1664, usedMB:757)
2025-03-30 18:09:13.447 [main] INFO  c.g.reader.osm.GraphHopperOSM - flushed graph totalMB:1664, usedMB:1045)
2025-03-30 18:09:13.451 [main] INFO  c.g.http.GraphHopperManaged - loaded graph at:graph-cache-v1, data_reader_file:philippines-latest-2.osm.pbf, encoded values:roundabout|version=283388307|bits=1|index=0|shift=0|store_both_directions=false,road_class|version=2007543510|bits=5|index=0|shift=1|store_both_directions=false,road_class_link|version=146075245|bits=1|index=0|shift=6|store_both_directions=false,road_environment|version=-446726394|bits=3|index=0|shift=7|store_both_directions=false,max_speed|version=-1300485567|bits=5|index=0|shift=10|store_both_directions=true,road_access|version=-313723172|bits=4|index=0|shift=20|store_both_directions=false, edges:2 431 690(75MB), nodes:1 883 895(22MB), name:(3MB), geo:15 029 568(58MB), bounds:109.48820098090621,127.08878875722264,4.588655484959233,22.619359142020922, CHGraph|car|NODE_BASED, shortcuts:1 192 370, nodesCH:(15MB)
2025-03-30 18:09:14.018 [main] INFO  i.d.jersey.DropwizardResourceConfig - The following paths were found for the configured resources:

    GET     / (com.graphhopper.http.resources.RootResource)
    GET     /i18n (com.graphhopper.resources.I18NResource)
    GET     /i18n/{locale} (com.graphhopper.resources.I18NResource)
    GET     /info (com.graphhopper.resources.InfoResource)
    GET     /isochrone (com.graphhopper.resources.IsochroneResource)
    GET     /mvt/{z}/{x}/{y}.mvt (com.graphhopper.resources.MVTResource)
    GET     /nearest (com.graphhopper.resources.NearestResource)
    GET     /route (com.graphhopper.resources.RouteResource)
    POST    /route (com.graphhopper.resources.RouteResource)
    POST    /route-custom (com.graphhopper.resources.CustomWeightingRouteResource)
    GET     /spt (com.graphhopper.resources.SPTResource)

2025-03-30 18:09:14.020 [main] INFO  o.e.j.server.handler.ContextHandler - Started i.d.j.MutableServletContextHandler@715fa8c5{/,null,AVAILABLE}
2025-03-30 18:09:14.027 [main] INFO  io.dropwizard.setup.AdminEnvironment - tasks = 

    POST    /tasks/log-level (io.dropwizard.servlets.tasks.LogConfigurationTask)
    POST    /tasks/gc (io.dropwizard.servlets.tasks.GarbageCollectionTask)

2025-03-30 18:09:14.034 [main] INFO  o.e.j.server.handler.ContextHandler - Started i.d.j.MutableServletContextHandler@31834a2b{/,null,AVAILABLE}
2025-03-30 18:09:14.055 [main] INFO  o.e.jetty.server.AbstractConnector - Started application@4e08acf9{HTTP/1.1, (http/1.1)}{localhost:8989}
2025-03-30 18:09:14.059 [main] INFO  o.e.jetty.server.AbstractConnector - Started admin@42ea287{HTTP/1.1, (http/1.1)}{localhost:8990}
2025-03-30 18:09:14.060 [main] INFO  org.eclipse.jetty.server.Server - Started @174832ms
2025-03-30 18:10:36.561 [dw-59 - POST /route] ERROR c.g.resources.RouteResource - 127.0.0.1 en_GB Mozilla/5.0 (Macintosh; Intel Mac OS X 10_15_7) AppleWebKit/537.36 (KHTML, like Gecko) Chrome/134.0.0.0 Safari/537.36 2, took: 0.0 ms, algo: , profile: car, weighting: , vehicle: , errors:[java.lang.IllegalArgumentException: Disabling CH not allowed on the server-side]
2025-03-30 18:10:36.561 [dw-56 - POST /route] ERROR c.g.resources.RouteResource - 127.0.0.1 en_GB Mozilla/5.0 (Macintosh; Intel Mac OS X 10_15_7) AppleWebKit/537.36 (KHTML, like Gecko) Chrome/134.0.0.0 Safari/537.36 2, took: 0.0 ms, algo: , profile: car, weighting: , vehicle: , errors:[java.lang.IllegalArgumentException: Disabling CH not allowed on the server-side]
2025-03-30 18:10:36.562 [dw-37 - POST /route] ERROR c.g.resources.RouteResource - 127.0.0.1 en_GB Mozilla/5.0 (Macintosh; Intel Mac OS X 10_15_7) AppleWebKit/537.36 (KHTML, like Gecko) Chrome/134.0.0.0 Safari/537.36 2, took: 0.0 ms, algo: , profile: car, weighting: , vehicle: , errors:[java.lang.IllegalArgumentException: Disabling CH not allowed on the server-side]
2025-03-30 18:10:36.562 [dw-58 - POST /route] ERROR c.g.resources.RouteResource - 127.0.0.1 en_GB Mozilla/5.0 (Macintosh; Intel Mac OS X 10_15_7) AppleWebKit/537.36 (KHTML, like Gecko) Chrome/134.0.0.0 Safari/537.36 2, took: 0.0 ms, algo: , profile: car, weighting: , vehicle: , errors:[java.lang.IllegalArgumentException: Disabling CH not allowed on the server-side]
2025-03-30 18:10:36.567 [dw-59 - POST /route] INFO  c.g.http.MultiExceptionMapper - bad request: unknown reason
2025-03-30 18:10:36.567 [dw-58 - POST /route] INFO  c.g.http.MultiExceptionMapper - bad request: unknown reason
2025-03-30 18:10:36.567 [dw-37 - POST /route] INFO  c.g.http.MultiExceptionMapper - bad request: unknown reason
2025-03-30 18:10:36.567 [dw-56 - POST /route] INFO  c.g.http.MultiExceptionMapper - bad request: unknown reason
2025-03-30 18:12:05.066 [Thread-10] INFO  o.e.jetty.server.AbstractConnector - Stopped application@4e08acf9{HTTP/1.1, (http/1.1)}{localhost:8989}
2025-03-30 18:12:05.068 [Thread-10] INFO  o.e.jetty.server.AbstractConnector - Stopped admin@42ea287{HTTP/1.1, (http/1.1)}{localhost:8990}
2025-03-30 18:12:05.073 [Thread-10] INFO  o.e.j.server.handler.ContextHandler - Stopped i.d.j.MutableServletContextHandler@31834a2b{/,null,UNAVAILABLE}
2025-03-30 18:12:05.091 [Thread-10] INFO  o.e.j.server.handler.ContextHandler - Stopped i.d.j.MutableServletContextHandler@715fa8c5{/,null,UNAVAILABLE}
2025-03-30 18:12:07.134 [main] INFO  i.d.core.server.DefaultServerFactory - Registering jersey handler with root path prefix: /
2025-03-30 18:12:07.141 [main] INFO  i.d.core.server.DefaultServerFactory - Registering admin handler with root path prefix: /
2025-03-30 18:12:07.489 [main] INFO  io.dropwizard.assets.AssetsBundle - Registering AssetBundle with name: assets for path /maps/*
2025-03-30 18:12:07.490 [main] INFO  io.dropwizard.assets.AssetsBundle - Registering AssetBundle with name: webjars for path /webjars/*
2025-03-30 18:12:07.495 [main] INFO  i.d.core.server.ServerFactory - Starting GraphHopperApplication
                        _     _
   __ _ _ __ __ _ _ __ | |__ | |__   ___  _ __  _ __   ___ _ __
  / _` | '__/ _` | '_ \| '_ \| '_ \ / _ \| '_ \| '_ \ / _ \ '__|
 | (_| | | | (_| | |_) | | | | | | | (_) | |_) | |_) |  __/ |
  \__, |_|  \__,_| .__/|_| |_|_| |_|\___/| .__/| .__/ \___|_|
  |___/          |_|                     |_|   |_|
2025-03-30 18:12:07.600 [main] INFO  o.e.jetty.setuid.SetUIDListener - Opened application@5d7835a8{HTTP/1.1, (http/1.1)}{localhost:8989}
2025-03-30 18:12:07.600 [main] INFO  o.e.jetty.setuid.SetUIDListener - Opened admin@736048ed{HTTP/1.1, (http/1.1)}{localhost:8990}
2025-03-30 18:12:07.602 [main] INFO  org.eclipse.jetty.server.Server - jetty-10.0.23; built: 2024-08-14T01:14:42.815Z; git: 570aa4a1395ca8f9f800045f3a1fe5fe3af9a598; jvm 21.0.2+13-58
2025-03-30 18:12:08.093 [main] INFO  c.g.routing.ch.CHPreparationHandler - There are no CHs to prepare
2025-03-30 18:12:08.096 [main] INFO  com.graphhopper.GraphHopper - version 10.0|2024-11-04T16:04:43Z (9,23,7,5,2,9)
2025-03-30 18:12:08.109 [main] INFO  com.graphhopper.GraphHopper - graph car|RAM_STORE|2D|no_turn_cost|nodes:9,edges:23,geometry:7,location_index:5,string_index:2,nodesCH:0,shortcuts:9, details:edges: 2,708,928(94MB), nodes: 2,231,221(26MB), bounds: 109.4882011,127.0887888,4.4787369,22.6193592, name:(4MB), geo:76,234,630/-1(73MB)
2025-03-30 18:12:08.150 [main] INFO  c.g.http.GraphHopperManaged - loaded graph at:graph-cache, data_reader_file:philippines-latest-2.osm.pbf, encoded values:["{\"className\":\"com.graphhopper.routing.ev.SimpleBooleanEncodedValue\",\"name\":\"car_access\",\"bits\":1,\"min_storable_value\":0,\"max_storable_value\":1,\"max_value\":1,\"negate_reverse_direction\":false,\"store_two_directions\":true,\"fwd_data_index\":0,\"bwd_data_index\":0,\"fwd_shift\":0,\"bwd_shift\":1,\"fwd_mask\":1,\"bwd_mask\":2}","{\"className\":\"com.graphhopper.routing.ev.DecimalEncodedValueImpl\",\"name\":\"car_average_speed\",\"bits\":7,\"min_storable_value\":0,\"max_storable_value\":127,\"max_value\":68,\"negate_reverse_direction\":false,\"store_two_directions\":true,\"fwd_data_index\":0,\"bwd_data_index\":0,\"fwd_shift\":2,\"bwd_shift\":9,\"fwd_mask\":508,\"bwd_mask\":65024,\"factor\":2.0,\"use_maximum_as_infinity\":false}","{\"className\":\"com.graphhopper.routing.ev.EnumEncodedValue\",\"name\":\"road_class\",\"bits\":5,\"min_storable_value\":0,\"max_storable_value\":31,\"max_value\":20,\"negate_reverse_direction\":false,\"store_two_directions\":false,\"fwd_data_index\":0,\"bwd_data_index\":0,\"fwd_shift\":16,\"bwd_shift\":-1,\"fwd_mask\":2031616,\"bwd_mask\":0,\"enum_type\":\"com.graphhopper.routing.ev.RoadClass\"}","{\"className\":\"com.graphhopper.routing.ev.EnumEncodedValue\",\"name\":\"road_environment\",\"bits\":3,\"min_storable_value\":0,\"max_storable_value\":7,\"max_value\":5,\"negate_reverse_direction\":false,\"store_two_directions\":false,\"fwd_data_index\":0,\"bwd_data_index\":0,\"fwd_shift\":21,\"bwd_shift\":-1,\"fwd_mask\":14680064,\"bwd_mask\":0,\"enum_type\":\"com.graphhopper.routing.ev.RoadEnvironment\"}","{\"className\":\"com.graphhopper.routing.ev.SimpleBooleanEncodedValue\",\"name\":\"roundabout\",\"bits\":1,\"min_storable_value\":0,\"max_storable_value\":1,\"max_value\":1,\"negate_reverse_direction\":false,\"store_two_directions\":false,\"fwd_data_index\":0,\"bwd_data_index\":0,\"fwd_shift\":24,\"bwd_shift\":-1,\"fwd_mask\":16777216,\"bwd_mask\":0}","{\"className\":\"com.graphhopper.routing.ev.SimpleBooleanEncodedValue\",\"name\":\"road_class_link\",\"bits\":1,\"min_storable_value\":0,\"max_storable_value\":1,\"max_value\":1,\"negate_reverse_direction\":false,\"store_two_directions\":false,\"fwd_data_index\":0,\"bwd_data_index\":0,\"fwd_shift\":25,\"bwd_shift\":-1,\"fwd_mask\":33554432,\"bwd_mask\":0}","{\"className\":\"com.graphhopper.routing.ev.DecimalEncodedValueImpl\",\"name\":\"max_speed\",\"bits\":7,\"min_storable_value\":0,\"max_storable_value\":127,\"max_value\":127,\"negate_reverse_direction\":false,\"store_two_directions\":true,\"fwd_data_index\":1,\"bwd_data_index\":1,\"fwd_shift\":0,\"bwd_shift\":7,\"fwd_mask\":127,\"bwd_mask\":16256,\"factor\":2.0,\"use_maximum_as_infinity\":true}","{\"className\":\"com.graphhopper.routing.ev.DecimalEncodedValueImpl\",\"name\":\"ferry_speed\",\"bits\":5,\"min_storable_value\":0,\"max_storable_value\":31,\"max_value\":25,\"negate_reverse_direction\":false,\"store_two_directions\":false,\"fwd_data_index\":1,\"bwd_data_index\":0,\"fwd_shift\":14,\"bwd_shift\":-1,\"fwd_mask\":507904,\"bwd_mask\":0,\"factor\":2.0,\"use_maximum_as_infinity\":false}","{\"className\":\"com.graphhopper.routing.ev.SimpleBooleanEncodedValue\",\"name\":\"car_subnetwork\",\"bits\":1,\"min_storable_value\":0,\"max_storable_value\":1,\"max_value\":1,\"negate_reverse_direction\":false,\"store_two_directions\":false,\"fwd_data_index\":1,\"bwd_data_index\":0,\"fwd_shift\":19,\"bwd_shift\":-1,\"fwd_mask\":524288,\"bwd_mask\":0}"], 7 bytes for edge flags, edges: 2,708,928(94MB), nodes: 2,231,221(26MB), bounds: 109.4882011,127.0887888,4.4787369,22.6193592, name:(4MB), geo:76,234,630/-1(73MB)
2025-03-30 18:12:08.618 [main] WARN  o.g.jersey.internal.inject.Providers - A provider com.codahale.metrics.health.HealthCheckRegistry registered in SERVER runtime does not implement any provider interfaces applicable in the SERVER runtime. Due to constraint configuration problems the provider com.codahale.metrics.health.HealthCheckRegistry will be ignored. 
2025-03-30 18:12:08.747 [main] INFO  i.d.jersey.DropwizardResourceConfig - The following paths were found for the configured resources:

    GET     / (com.graphhopper.application.resources.RootResource)
    GET     /health (com.graphhopper.resources.HealthCheckResource)
    GET     /i18n (com.graphhopper.resources.I18NResource)
    GET     /i18n/{locale} (com.graphhopper.resources.I18NResource)
    GET     /info (com.graphhopper.resources.InfoResource)
    GET     /isochrone (com.graphhopper.resources.IsochroneResource)
    POST    /match (com.graphhopper.resources.MapMatchingResource)
    GET     /mvt/{z}/{x}/{y}.mvt (com.graphhopper.resources.MVTResource)
    GET     /navigate/directions/v5/gh/{profile}/{coordinatesArray : .+} (com.graphhopper.navigation.NavigateResource)
    GET     /nearest (com.graphhopper.resources.NearestResource)
    GET     /route (com.graphhopper.resources.RouteResource)
    POST    /route (com.graphhopper.resources.RouteResource)
    GET     /spt (com.graphhopper.resources.SPTResource)

2025-03-30 18:12:08.749 [main] INFO  o.e.j.server.handler.ContextHandler - Started i.d.j.MutableServletContextHandler@6f731759{/,null,AVAILABLE}
2025-03-30 18:12:08.751 [main] INFO  i.d.core.setup.AdminEnvironment - tasks = 

    POST    /tasks/log-level (io.dropwizard.servlets.tasks.LogConfigurationTask)
    POST    /tasks/gc (io.dropwizard.servlets.tasks.GarbageCollectionTask)

2025-03-30 18:12:08.751 [main] INFO  o.e.j.server.handler.ContextHandler - Started i.d.j.MutableServletContextHandler@44e4cb76{/,null,AVAILABLE}
2025-03-30 18:12:08.759 [main] INFO  o.e.jetty.server.AbstractConnector - Started application@5d7835a8{HTTP/1.1, (http/1.1)}{localhost:8989}
2025-03-30 18:12:08.760 [main] INFO  o.e.jetty.server.AbstractConnector - Started admin@736048ed{HTTP/1.1, (http/1.1)}{localhost:8990}
2025-03-30 18:12:08.761 [main] INFO  org.eclipse.jetty.server.Server - Started Server@4d27d9d{STARTING}[10.0.23,sto=30000] @2879ms
2025-03-30 18:12:21.949 [pool-2-thread-12 - POST /route] INFO  c.g.resources.RouteResource - 127.0.0.1 en_GB Mozilla/5.0 (Macintosh; Intel Mac OS X 10_15_7) AppleWebKit/537.36 (KHTML, like Gecko) Chrome/134.0.0.0 Safari/537.36 2, took: 135.1 ms, algo: , profile: car, custom_model: distanceInfluence=null|headingPenalty=null|speedStatements=[{"if": "in_custom0", "multiply_by: "0.01"}, {"if": "in_custom1", "multiply_by: "0.01"}, {"if": "in_custom2", "multiply_by: "0.01"}, {"if": "in_custom3", "multiply_by: "0.01"}, {"if": "in_custom4", "multiply_by: "0.01"}, {"if": "in_custom5", "multiply_by: "0.01"}, {"if": "in_custom6", "multiply_by: "0.01"}]|priorityStatements=[]|areas=[id:custom0 with 5 points: POLYGON ((120.593506 15.149998, 120.593706 15.149998, 120.593706 15.150198, 120.593506 15.150198, 120.593506 15.149998)), id:custom1 with 5 points: POLYGON ((120.588904 15.145851, 120.589104 15.145851, 120.589104 15.146051, 120.588904 15.146051, 120.588904 15.145851)), id:custom2 with 5 points: POLYGON ((120.595512 15.152419, 120.595712 15.152419, 120.595712 15.152619, 120.595512 15.152619, 120.595512 15.152419)), id:custom3 with 5 points: POLYGON ((120.595741 15.151604, 120.595941 15.151604, 120.595941 15.151804, 120.595741 15.151804, 120.595741 15.151604)), id:custom4 with 5 points: POLYGON ((120.596311 15.15311, 120.596511 15.15311, 120.596511 15.15331, 120.596311 15.15331, 120.596311 15.15311)), id:custom5 with 5 points: POLYGON ((120.591185 15.161623, 120.591385 15.161623, 120.591385 15.161823, 120.591185 15.161823, 120.591185 15.161623)), id:custom6 with 5 points: POLYGON ((120.595636 15.144371, 120.595836 15.144371, 120.595836 15.144571, 120.595636 15.144571, 120.595636 15.144371))], alternatives: 1, distance0: 1980.4155954464413, weight0: 353.71341809557805, time0: 3min, points0: 45, debugInfo: idLookup:0.0182915s; , algoInit:11076 μs, astarbi|beeline-routing:30 ms, path extraction: 1531 μs, visited nodes sum: 336
2025-03-30 18:12:21.949 [pool-2-thread-2 - POST /route] INFO  c.g.resources.RouteResource - 127.0.0.1 en_GB Mozilla/5.0 (Macintosh; Intel Mac OS X 10_15_7) AppleWebKit/537.36 (KHTML, like Gecko) Chrome/134.0.0.0 Safari/537.36 2, took: 135.0 ms, algo: , profile: car, custom_model: distanceInfluence=null|headingPenalty=null|speedStatements=[{"if": "in_custom0", "multiply_by: "0.01"}, {"if": "in_custom1", "multiply_by: "0.01"}, {"if": "in_custom2", "multiply_by: "0.01"}, {"if": "in_custom3", "multiply_by: "0.01"}, {"if": "in_custom4", "multiply_by: "0.01"}, {"if": "in_custom5", "multiply_by: "0.01"}, {"if": "in_custom6", "multiply_by: "0.01"}]|priorityStatements=[]|areas=[id:custom0 with 5 points: POLYGON ((120.593506 15.149998, 120.593706 15.149998, 120.593706 15.150198, 120.593506 15.150198, 120.593506 15.149998)), id:custom1 with 5 points: POLYGON ((120.588904 15.145851, 120.589104 15.145851, 120.589104 15.146051, 120.588904 15.146051, 120.588904 15.145851)), id:custom2 with 5 points: POLYGON ((120.595512 15.152419, 120.595712 15.152419, 120.595712 15.152619, 120.595512 15.152619, 120.595512 15.152419)), id:custom3 with 5 points: POLYGON ((120.595741 15.151604, 120.595941 15.151604, 120.595941 15.151804, 120.595741 15.151804, 120.595741 15.151604)), id:custom4 with 5 points: POLYGON ((120.596311 15.15311, 120.596511 15.15311, 120.596511 15.15331, 120.596311 15.15331, 120.596311 15.15311)), id:custom5 with 5 points: POLYGON ((120.591185 15.161623, 120.591385 15.161623, 120.591385 15.161823, 120.591185 15.161823, 120.591185 15.161623)), id:custom6 with 5 points: POLYGON ((120.595636 15.144371, 120.595836 15.144371, 120.595836 15.144571, 120.595636 15.144571, 120.595636 15.144371))], alternatives: 1, distance0: 2678.8182716025826, weight0: 490.1918000883676, time0: 4min, points0: 46, debugInfo: idLookup:0.015335333s; , algoInit:11789 μs, astarbi|beeline-routing:35 ms, path extraction: 788 μs, visited nodes sum: 604
2025-03-30 18:12:21.949 [pool-2-thread-13 - POST /route] INFO  c.g.resources.RouteResource - 127.0.0.1 en_GB Mozilla/5.0 (Macintosh; Intel Mac OS X 10_15_7) AppleWebKit/537.36 (KHTML, like Gecko) Chrome/134.0.0.0 Safari/537.36 2, took: 135.2 ms, algo: , profile: car, custom_model: distanceInfluence=null|headingPenalty=null|speedStatements=[{"if": "in_custom0", "multiply_by: "0.01"}, {"if": "in_custom1", "multiply_by: "0.01"}, {"if": "in_custom2", "multiply_by: "0.01"}, {"if": "in_custom3", "multiply_by: "0.01"}, {"if": "in_custom4", "multiply_by: "0.01"}, {"if": "in_custom5", "multiply_by: "0.01"}, {"if": "in_custom6", "multiply_by: "0.01"}]|priorityStatements=[]|areas=[id:custom0 with 5 points: POLYGON ((120.593506 15.149998, 120.593706 15.149998, 120.593706 15.150198, 120.593506 15.150198, 120.593506 15.149998)), id:custom1 with 5 points: POLYGON ((120.588904 15.145851, 120.589104 15.145851, 120.589104 15.146051, 120.588904 15.146051, 120.588904 15.145851)), id:custom2 with 5 points: POLYGON ((120.595512 15.152419, 120.595712 15.152419, 120.595712 15.152619, 120.595512 15.152619, 120.595512 15.152419)), id:custom3 with 5 points: POLYGON ((120.595741 15.151604, 120.595941 15.151604, 120.595941 15.151804, 120.595741 15.151804, 120.595741 15.151604)), id:custom4 with 5 points: POLYGON ((120.596311 15.15311, 120.596511 15.15311, 120.596511 15.15331, 120.596311 15.15331, 120.596311 15.15311)), id:custom5 with 5 points: POLYGON ((120.591185 15.161623, 120.591385 15.161623, 120.591385 15.161823, 120.591185 15.161823, 120.591185 15.161623)), id:custom6 with 5 points: POLYGON ((120.595636 15.144371, 120.595836 15.144371, 120.595836 15.144571, 120.595636 15.144571, 120.595636 15.144371))], alternatives: 1, distance0: 3832.9455089239764, weight0: 668.5502838857134, time0: 5min, points0: 54, debugInfo: idLookup:0.020507708s; , algoInit:11094 μs, astarbi|beeline-routing:37 ms, path extraction: 637 μs, visited nodes sum: 780
2025-03-30 18:12:21.949 [pool-2-thread-10 - POST /route] INFO  c.g.resources.RouteResource - 127.0.0.1 en_GB Mozilla/5.0 (Macintosh; Intel Mac OS X 10_15_7) AppleWebKit/537.36 (KHTML, like Gecko) Chrome/134.0.0.0 Safari/537.36 2, took: 135.1 ms, algo: , profile: car, custom_model: distanceInfluence=null|headingPenalty=null|speedStatements=[{"if": "in_custom0", "multiply_by: "0.01"}, {"if": "in_custom1", "multiply_by: "0.01"}, {"if": "in_custom2", "multiply_by: "0.01"}, {"if": "in_custom3", "multiply_by: "0.01"}, {"if": "in_custom4", "multiply_by: "0.01"}, {"if": "in_custom5", "multiply_by: "0.01"}, {"if": "in_custom6", "multiply_by: "0.01"}]|priorityStatements=[]|areas=[id:custom0 with 5 points: POLYGON ((120.593506 15.149998, 120.593706 15.149998, 120.593706 15.150198, 120.593506 15.150198, 120.593506 15.149998)), id:custom1 with 5 points: POLYGON ((120.588904 15.145851, 120.589104 15.145851, 120.589104 15.146051, 120.588904 15.146051, 120.588904 15.145851)), id:custom2 with 5 points: POLYGON ((120.595512 15.152419, 120.595712 15.152419, 120.595712 15.152619, 120.595512 15.152619, 120.595512 15.152419)), id:custom3 with 5 points: POLYGON ((120.595741 15.151604, 120.595941 15.151604, 120.595941 15.151804, 120.595741 15.151804, 120.595741 15.151604)), id:custom4 with 5 points: POLYGON ((120.596311 15.15311, 120.596511 15.15311, 120.596511 15.15331, 120.596311 15.15331, 120.596311 15.15311)), id:custom5 with 5 points: POLYGON ((120.591185 15.161623, 120.591385 15.161623, 120.591385 15.161823, 120.591185 15.161823, 120.591185 15.161623)), id:custom6 with 5 points: POLYGON ((120.595636 15.144371, 120.595836 15.144371, 120.595836 15.144571, 120.595636 15.144571, 120.595636 15.144371))], alternatives: 1, distance0: 3868.1113257446536, weight0: 644.5091097816921, time0: 5min, points0: 59, debugInfo: idLookup:0.0186395s; , algoInit:11576 μs, astarbi|beeline-routing:37 ms, path extraction: 461 μs, visited nodes sum: 840
2025-03-30 18:13:43.511 [JettyShutdownThread] INFO  org.eclipse.jetty.server.Server - Stopped Server@4d27d9d{STOPPING}[10.0.23,sto=30000]
2025-03-30 18:13:43.525 [JettyShutdownThread] INFO  org.eclipse.jetty.server.Server - Shutdown Server@4d27d9d{STOPPING}[10.0.23,sto=30000]
2025-03-30 18:13:43.574 [JettyShutdownThread] INFO  o.e.jetty.server.AbstractConnector - Stopped application@5d7835a8{HTTP/1.1, (http/1.1)}{localhost:8989}
2025-03-30 18:13:43.577 [JettyShutdownThread] INFO  o.e.jetty.server.AbstractConnector - Stopped admin@736048ed{HTTP/1.1, (http/1.1)}{localhost:8990}
2025-03-30 18:13:43.589 [JettyShutdownThread] INFO  o.e.j.server.handler.ContextHandler - Stopped i.d.j.MutableServletContextHandler@44e4cb76{/,null,STOPPED}
2025-03-30 18:13:43.634 [JettyShutdownThread] INFO  o.e.j.server.handler.ContextHandler - Stopped i.d.j.MutableServletContextHandler@6f731759{/,null,STOPPED}
